0 info it worked if it ends with ok
1 verbose cli [ '/usr/local/bin/node', '/usr/local/bin/npm', 'i', '-g', 'yarn' ]
2 info using npm@3.8.0
3 info using node@v4.2.2
4 silly loadCurrentTree Starting
5 silly install loadCurrentTree
6 silly install readGlobalPackageData
7 silly fetchPackageMetaData yarn
8 silly fetchNamedPackageData yarn
9 silly mapToRegistry name yarn
10 silly mapToRegistry using default registry
11 silly mapToRegistry registry https://registry.npmjs.org/
12 silly mapToRegistry uri https://registry.npmjs.org/yarn
13 verbose request uri https://registry.npmjs.org/yarn
14 verbose request no auth needed
15 info attempt registry request try #1 at 3:33:27 PM
16 verbose request id 0681b5e96d398689
17 verbose etag W/"d2c961dba59fbc07c0d8c14d1d8e554b"
18 verbose lastModified Tue, 08 Oct 2019 12:21:41 GMT
19 http request GET https://registry.npmjs.org/yarn
20 http 304 https://registry.npmjs.org/yarn
21 verbose headers { date: 'Thu, 31 Oct 2019 22:33:27 GMT',
21 verbose headers   connection: 'keep-alive',
21 verbose headers   'set-cookie': [ '__cfduid=d6d72c243e878822614cb7f495ad6e32e1572561207; expires=Fri, 30-Oct-20 22:33:27 GMT; path=/; domain=.npmjs.org; HttpOnly' ],
21 verbose headers   'cf-cache-status': 'HIT',
21 verbose headers   'cache-control': 'max-age=300',
21 verbose headers   'cf-ray': '52e9173cab3b9584-IAD',
21 verbose headers   age: '4686',
21 verbose headers   etag: '"d2c961dba59fbc07c0d8c14d1d8e554b"',
21 verbose headers   'expect-ct': 'max-age=604800, report-uri="https://report-uri.cloudflare.com/cdn-cgi/beacon/expect-ct"',
21 verbose headers   'last-modified': 'Tue, 08 Oct 2019 12:21:41 GMT',
21 verbose headers   vary: 'accept-encoding, accept',
21 verbose headers   'x-amz-meta-rev': '282-6983903284ba0d9fd4c9b6154ed4d39d',
21 verbose headers   server: 'cloudflare' }
22 silly get cb [ 304,
22 silly get   { date: 'Thu, 31 Oct 2019 22:33:27 GMT',
22 silly get     connection: 'keep-alive',
22 silly get     'set-cookie': [ '__cfduid=d6d72c243e878822614cb7f495ad6e32e1572561207; expires=Fri, 30-Oct-20 22:33:27 GMT; path=/; domain=.npmjs.org; HttpOnly' ],
22 silly get     'cf-cache-status': 'HIT',
22 silly get     'cache-control': 'max-age=300',
22 silly get     'cf-ray': '52e9173cab3b9584-IAD',
22 silly get     age: '4686',
22 silly get     etag: '"d2c961dba59fbc07c0d8c14d1d8e554b"',
22 silly get     'expect-ct': 'max-age=604800, report-uri="https://report-uri.cloudflare.com/cdn-cgi/beacon/expect-ct"',
22 silly get     'last-modified': 'Tue, 08 Oct 2019 12:21:41 GMT',
22 silly get     vary: 'accept-encoding, accept',
22 silly get     'x-amz-meta-rev': '282-6983903284ba0d9fd4c9b6154ed4d39d',
22 silly get     server: 'cloudflare' } ]
23 verbose etag https://registry.npmjs.org/yarn from cache
24 verbose get saving yarn to /Users/peterrileyosborne/.npm/registry.npmjs.org/yarn/.cache.json
25 verbose correctMkdir /Users/peterrileyosborne/.npm correctMkdir not in flight; initializing
26 silly install normalizeTree
27 silly loadCurrentTree Finishing
28 silly loadIdealTree Starting
29 silly install loadIdealTree
30 silly cloneCurrentTree Starting
31 silly install cloneCurrentTreeToIdealTree
32 silly cloneCurrentTree Finishing
33 silly loadShrinkwrap Starting
34 silly install loadShrinkwrap
35 silly loadShrinkwrap Finishing
36 silly loadAllDepsIntoIdealTree Starting
37 silly install loadAllDepsIntoIdealTree
38 silly resolveWithNewModule yarn@1.19.1 checking installable status
39 silly cache add args [ 'yarn', null ]
40 verbose cache add spec yarn
41 silly cache add parsed spec Result {
41 silly cache add   raw: 'yarn',
41 silly cache add   scope: null,
41 silly cache add   name: 'yarn',
41 silly cache add   rawSpec: '',
41 silly cache add   spec: 'latest',
41 silly cache add   type: 'tag' }
42 silly addNamed yarn@latest
43 verbose addNamed "latest" is being treated as a dist-tag for yarn
44 info addNameTag [ 'yarn', 'latest' ]
45 silly mapToRegistry name yarn
46 silly mapToRegistry using default registry
47 silly mapToRegistry registry https://registry.npmjs.org/
48 silly mapToRegistry uri https://registry.npmjs.org/yarn
49 verbose addNameTag registry:https://registry.npmjs.org/yarn not in flight; fetching
50 verbose get https://registry.npmjs.org/yarn not expired, no request
51 silly addNameTag next cb for yarn with tag latest
52 silly addNamed yarn@1.19.1
53 verbose addNamed "1.19.1" is a plain semver version for yarn
54 silly cache afterAdd yarn@1.19.1
55 verbose afterAdd /Users/peterrileyosborne/.npm/yarn/1.19.1/package/package.json not in flight; writing
56 verbose correctMkdir /Users/peterrileyosborne/.npm correctMkdir not in flight; initializing
57 verbose afterAdd /Users/peterrileyosborne/.npm/yarn/1.19.1/package/package.json written
58 silly loadAllDepsIntoIdealTree Finishing
59 silly idealTree:prePrune lib
59 silly idealTree:prePrune └── yarn@1.19.1
60 silly loadIdealTree Finishing
61 silly currentTree lib
62 silly idealTree lib
62 silly idealTree └── yarn@1.19.1
63 silly generateActionsToTake Starting
64 silly install generateActionsToTake
65 warn checkPermissions Missing write access to /usr/local/lib/node_modules
66 silly rollbackFailedOptional Starting
67 silly rollbackFailedOptional Finishing
68 silly runTopLevelLifecycles Starting
69 silly runTopLevelLifecycles Finishing
70 silly install printInstalled
71 verbose stack Error: EACCES: permission denied, access '/usr/local/lib/node_modules'
71 verbose stack     at Error (native)
72 verbose cwd /Users/peterrileyosborne/Documents/Projects/prosborne.com
73 error Darwin 18.6.0
74 error argv "/usr/local/bin/node" "/usr/local/bin/npm" "i" "-g" "yarn"
75 error node v4.2.2
76 error npm  v3.8.0
77 error path /usr/local/lib/node_modules
78 error code EACCES
79 error errno -13
80 error syscall access
81 error Error: EACCES: permission denied, access '/usr/local/lib/node_modules'
81 error     at Error (native)
81 error  { [Error: EACCES: permission denied, access '/usr/local/lib/node_modules']
81 error   errno: -13,
81 error   code: 'EACCES',
81 error   syscall: 'access',
81 error   path: '/usr/local/lib/node_modules' }
82 error Please try running this command again as root/Administrator.
83 verbose exit [ -13, true ]
